<?xml version="1.0" encoding="UTF-8"?>
<!-- Generated by org.testng.reporters.JUnitReportReporter -->
<testsuite skipped="0" hostname="gaurav-Inspiron-3521" name="com.resumeupdate.tests.HomePageTest" tests="1" failures="0" timestamp="07 Apr 2018 19:49:26 GMT" time="5.047" errors="0">
  <testcase name="homePageTestOne" time="5.047" classname="com.resumeupdate.tests.HomePageTest"/>
</testsuite> <!-- com.resumeupdate.tests.HomePageTest -->
