<?xml version="1.0" encoding="UTF-8"?>
<!-- Generated by org.testng.reporters.JUnitReportReporter -->
<testsuite skipped="0" hostname="gaurav-Inspiron-3521" name="com.resumeupdate.tests.ProfilePageTest" tests="1" failures="0" timestamp="09 Apr 2018 06:27:53 GMT" time="12.434" errors="0">
  <testcase name="profilePageTestOne" time="12.434" classname="com.resumeupdate.tests.ProfilePageTest"/>
</testsuite> <!-- com.resumeupdate.tests.ProfilePageTest -->
