<?xml version="1.0" encoding="UTF-8"?>
<!-- Generated by org.testng.reporters.JUnitReportReporter -->
<testsuite skipped="0" hostname="gaurav-Inspiron-3521" name="com.resumeupdate.tests.LoginPageTest" tests="1" failures="0" timestamp="09 Apr 2018 06:27:53 GMT" time="4.964" errors="0">
  <testcase name="loginPageTestOne" time="4.964" classname="com.resumeupdate.tests.LoginPageTest"/>
</testsuite> <!-- com.resumeupdate.tests.LoginPageTest -->
