<?xml version="1.0" encoding="UTF-8"?>
<!-- Generated by org.testng.reporters.JUnitReportReporter -->
<testsuite skipped="0" hostname="gaurav-Inspiron-3521" name="com.resumeupdate.tests.HomePageTest" tests="1" failures="0" timestamp="09 Apr 2018 06:27:53 GMT" time="17.408" errors="0">
  <testcase name="homePageTestOne" time="17.408" classname="com.resumeupdate.tests.HomePageTest"/>
</testsuite> <!-- com.resumeupdate.tests.HomePageTest -->
