<?xml version="1.0" encoding="UTF-8"?>
<!-- Generated by org.testng.reporters.JUnitReportReporter -->
<testsuite skipped="0" hostname="gaurav-Inspiron-3521" name="com.resumeupdate.tests.ProfilePageTest" tests="1" failures="0" timestamp="07 Apr 2018 19:49:26 GMT" time="4.843" errors="0">
  <testcase name="profilePageTestOne" time="4.843" classname="com.resumeupdate.tests.ProfilePageTest"/>
</testsuite> <!-- com.resumeupdate.tests.ProfilePageTest -->
